<?xml version="1.0" encoding="UTF-8"?>
<testsuite name="com.capstone.DemoApplicationTests" tests="1" skipped="0" failures="0" errors="0" timestamp="2026-03-08T17:40:41" hostname="DESKTOP-IMLOIHC" time="1.646">
  <properties/>
  <testcase name="contextLoads()" classname="com.capstone.DemoApplicationTests" time="1.646"/>
  <system-out><![CDATA[02:40:37.356 [Test worker] INFO org.springframework.test.context.support.AnnotationConfigContextLoaderUtils -- Could not detect default configuration classes for test class [com.capstone.DemoApplicationTests]: DemoApplicationTests does not declare any static, non-private, non-final, nested classes annotated with @Configuration.
02:40:37.537 [Test worker] INFO org.springframework.boot.test.context.SpringBootTestContextBootstrapper -- Found @SpringBootConfiguration com.capstone.CapstoneApplication for test class com.capstone.DemoApplicationTests

  .   ____          _            __ _ _
 /\\ / ___'_ __ _ _(_)_ __  __ _ \ \ \ \
( ( )\___ | '_ | '_| | '_ \/ _` | \ \ \ \
 \\/  ___)| |_)| | | | | || (_| |  ) ) ) )
  '  |____| .__|_| |_|_| |_\__, | / / / /
 =========|_|==============|___/=/_/_/_/

 :: Spring Boot ::                (v3.3.2)

2026-03-09T02:40:38.473+09:00  INFO 14496 --- [    Test worker] com.capstone.DemoApplicationTests        : Starting DemoApplicationTests using Java 17 with PID 14496 (started by jyj36 in D:\Project_docker_test\spring)
2026-03-09T02:40:38.476+09:00  INFO 14496 --- [    Test worker] com.capstone.DemoApplicationTests        : No active profile set, falling back to 1 default profile: "default"
2026-03-09T02:40:41.269+09:00  INFO 14496 --- [    Test worker] com.capstone.DemoApplicationTests        : Started DemoApplicationTests in 3.354 seconds (process running for 5.663)
]]></system-out>
  <system-err><![CDATA[]]></system-err>
</testsuite>
